make all --print-data-base --no-builtin-variables --no-builtin-rules --question
# GNU Make 4.3
# Built for x86_64-pc-linux-gnu
# Copyright (C) 1988-2020 Free Software Foundation, Inc.
# License GPLv3+: GNU GPL version 3 or later <http://gnu.org/licenses/gpl.html>
# This is free software: you are free to change and redistribute it.
# There is NO WARRANTY, to the extent permitted by law.
 

# Make data base, printed on Thu Aug 25 20:20:13 2022

# Variables

# environment
LC_ALL = C
# makefile (from 'Makefile', line 13)
HEADERS_PATH = ./includes/
# environment
PULSE_SERVER = /mnt/wslg/PulseServer
# makefile (from 'Makefile', line 54)
OBJECTS_TEST = $(filter-out ./objs/main.o, $(OBJECTS))
# makefile (from 'Makefile', line 48)
TESTBINS = $(patsubst $(TEST_PATH)/%.c, $(TEST_PATH)/bin/%, $(TESTS))
# environment
WSLENV = ELECTRON_RUN_AS_NODE/w:WT_SESSION::WT_PROFILE_ID
# environment
VSCODE_CWD = /mnt/c/Users/gabri/AppData/Local/Programs/Microsoft VS Code
# default
MAKE_COMMAND := make
# environment
VSCODE_HANDLES_SIGPIPE = true
# automatic
@D = $(patsubst %/,%,$(dir $@))
# makefile (from 'Makefile', line 50)
LIBFT_A = $(LIBS_PATH)libft.a 
# environment
VSCODE_HANDLES_UNCAUGHT_ERRORS = true
# default
.VARIABLES := 
# environment
PWD = /home/GabrielHenaut/Projects/42/Minishell
# automatic
%D = $(patsubst %/,%,$(dir $%))
# environment
OLDPWD = /mnt/c/Users/gabri/AppData/Local/Programs/Microsoft VS Code
# makefile (from 'Makefile', line 22)
MAKE_NOPRINT = $(MAKE) --no-print-directory
# automatic
^D = $(patsubst %/,%,$(dir $^))
# automatic
%F = $(notdir $%)
# makefile (from 'Makefile', line 16)
LIBS_PATH = ./Libft/
# environment
LANG = C
# default
.LOADED := 
# default
.INCLUDE_DIRS = /usr/include /usr/local/include /usr/include
# makefile
MAKEFLAGS = pqrR
# makefile
CURDIR := /home/GabrielHenaut/Projects/42/Minishell
# environment
APPLICATION_INSIGHTS_NO_DIAGNOSTIC_CHANNEL = true
# automatic
*D = $(patsubst %/,%,$(dir $*))
# environment
MFLAGS = -pqrR
# default
.SHELLFLAGS := -c
# environment
WAYLAND_DISPLAY = wayland-0
# automatic
+D = $(patsubst %/,%,$(dir $+))
# environment
P9K_SSH = 0
# makefile (from 'Makefile', line 1)
MAKEFILE_LIST := Makefile
# automatic
@F = $(notdir $@)
# automatic
?D = $(patsubst %/,%,$(dir $?))
# environment
WT_PROFILE_ID = {a5a97cb8-8961-5535-816d-772efe0c6a3f}
# automatic
*F = $(notdir $*)
# makefile (from 'Makefile', line 17)
TEST_PATH = ./test
# automatic
<D = $(patsubst %/,%,$(dir $<))
# makefile (from 'Makefile', line 14)
SRCS_PATH = ./srcs/
# environment
P9K_TTY = old
# environment
VSCODE_NLS_CONFIG = {"locale":"en","availableLanguages":{}}
# default
MAKE_HOST := x86_64-pc-linux-gnu
# makefile
SHELL = /bin/sh
# default
MAKECMDGOALS := all
# environment
DOTNET_BUNDLE_EXTRACT_BASE_DIR = /home/GabrielHenaut/.cache/dotnet_bundle_extract
# environment
SHLVL = 3
# environment
MAKELEVEL := 0
# makefile (from 'Makefile', line 21)
MKDIR = mkdir -p
# default
MAKE = $(MAKE_COMMAND)
# environment
PATH = /home/GabrielHenaut/.vscode-server/bin/e4503b30fc78200f846c62cf8091b76ff5547662/bin/remote-cli:/home/GabrielHenaut/.asdf/shims:/opt/asdf-vm/bin:/home/GabrielHenaut/.local/bin:/home/GabrielHenaut/.cargo/bin:/home/GabrielHenaut/.asdf/installs/python/3.10.4/bin:/usr/local/sbin:/usr/local/bin:/usr/sbin:/usr/bin:/sbin:/bin:/usr/games:/usr/local/games:/usr/lib/wsl/lib:/mnt/c/Windows/system32:/mnt/c/Windows:/mnt/c/Windows/System32/Wbem:/mnt/c/Windows/System32/WindowsPowerShell/v1.0/:/mnt/c/Windows/System32/OpenSSH/:/mnt/c/ProgramData/chocolatey/bin:/mnt/c/Program Files/NVIDIA Corporation/NVIDIA NvDLISR:/mnt/c/Program Files/Docker/Docker/resources/bin:/mnt/c/ProgramData/DockerDesktop/version-bin:/mnt/c/Program Files/dotnet/:/mnt/c/Users/gabri/AppData/Local/Microsoft/WindowsApps:/mnt/c/Users/gabri/AppData/Local/Programs/Microsoft VS Code/bin:/home/GabrielHenaut/.dotnet/tools:/usr/bin/site_perl:/usr/bin/vendor_perl:/usr/bin/core_perl
# default
MAKEFILES := 
# automatic
^F = $(notdir $^)
# makefile (from 'Makefile', line 52)
OBJ_FILES = $(patsubst %.c, %.o, $(SRC_FILES))
# environment
WT_SESSION = 036f433e-83d1-4770-9777-90d7c1b5f434
# makefile (from 'Makefile', line 15)
OBJS_PATH = ./objs/
# automatic
?F = $(notdir $?)
# makefile (from 'Makefile', line 23)
NAME = minishell
# environment
HOSTTYPE = x86_64
# automatic
+F = $(notdir $+)
# environment
WSL_INTEROP = /run/WSL/8_interop
# makefile (from 'Makefile', line 53)
OBJECTS = $(addprefix $(OBJS_PATH), $(OBJ_FILES))
# 'override' directive
GNUMAKEFLAGS := 
# environment
LOGNAME = GabrielHenaut
# environment
VSCODE_WSL_EXT_LOCATION = /mnt/c/Users/gabri/.vscode/extensions/ms-vscode-remote.remote-wsl-0.66.3
# environment
ASDF_DIR = /opt/asdf-vm
# makefile
.DEFAULT_GOAL := all
# makefile (from 'Makefile', line 20)
RM = rm -rf
# environment
DISPLAY = :0
# environment
USER = GabrielHenaut
# default
MAKE_VERSION := 4.3
# makefile (from 'Makefile', line 47)
TESTS = $(wildcard $(TEST_PATH)/*.c)
# makefile (from 'Makefile', line 24)
SRC_FILES = main.c minishell.c parser.c parser_utils.c expander.c cleanup.c lexer.c env.c executer_child.c executer_error.c executer_utils.c executor_handler.c here_doc.c env_bi.c pwd.c cd.c echo.c executer_builtin.c export_bi.c unset_bi.c exit_bi.c utils.c
# environment
DEBUGINFOD_URLS = https://debuginfod.archlinux.org 
# environment
_ = /usr/sbin/make
# environment
XDG_RUNTIME_DIR = /mnt/wslg/runtime-dir
# makefile (from 'Makefile', line 19)
CFLAGS = -Wall -Wextra -Werror -g -g3 -I $(HEADERS_PATH)
# environment
VSCODE_IPC_HOOK_CLI = /mnt/wslg/runtime-dir/vscode-ipc-60e78367-00ae-40e3-bffc-005b911ded3f.sock
# environment
VSCODE_AMD_ENTRYPOINT = vs/workbench/api/node/extensionHostProcess
# environment
HOME = /home/GabrielHenaut
# environment
ELECTRON_RUN_AS_NODE = 1
# environment
TERM = xterm-256color
# default
.RECIPEPREFIX := 
# automatic
<F = $(notdir $<)
# default
SUFFIXES := 
# environment
_P9K_TTY = /dev/pts/0
# environment
WSL_DISTRO_NAME = Arch
# default
.FEATURES := target-specific order-only second-expansion else-if shortest-stem undefine oneshell nocomment grouped-target extra-prereqs archives jobserver output-sync check-symlink guile load
# makefile (from 'Makefile', line 18)
CC = cc
# makefile (from 'Makefile', line 51)
SOURCES = $(addprefix $(SRCS_PATH), $(SRC_FILES))
# environment
DOTNET_ROOT = /usr/share/dotnet
# variable set hash-table stats:
# Load=91/1024=9%, Rehash=0, Collisions=3/144=2%

# Pattern-specific Variable Values

# No pattern-specific variable values.

# Directories

# ./test (device 2112, inode 85272): 5 files, no impossibilities.
# . (device 2112, inode 101485): 27 files, no impossibilities.
# test (device 2112, inode 85272): 5 files, no impossibilities.
# srcs (device 2112, inode 155242): 24 files, no impossibilities so far.

# 61 files, no impossibilities in 4 directories.

# Implicit Rules

objs/%.o: srcs/%.c
#  recipe to execute (from 'Makefile', line 67):
 
	@$(MKDIR) $(OBJS_PATH)
	@$(CC) $(CFLAGS) -c $< -o $@

test/bin/%: test/%.c
#  recipe to execute (from 'Makefile', line 71):
	@$(CC) $(CFLAGS) $< $(OBJECTS_TEST) $(LIBFT_A) -o $@  -lcriterion -lreadline
	

# 2 implicit rules, 0 (0.0%) terminal.
# Files

objs/executer_utils.o: srcs/executer_utils.c
#  Implicit rule search has been done.
#  Implicit/static pattern stem: 'executer_utils'
#  Last modified 2022-08-25 20:20:07.638139
#  File has been updated.
#  Successfully updated.
#  recipe to execute (from 'Makefile', line 67):
	@$(MKDIR) $(OBJS_PATH)
	@$(CC) $(CFLAGS) -c $< -o $@

objs/export_bi.o: srcs/export_bi.c
#  Implicit rule search has been done.
#  Implicit/static pattern stem: 'export_bi'
#  Last modified 2022-08-25 20:20:08.318139
#  File has been updated.
#  Successfully updated.
#  recipe to execute (from 'Makefile', line 67):
	@$(MKDIR) $(OBJS_PATH)
	@$(CC) $(CFLAGS) -c $< -o $@

# Not a target:
srcs/export_bi.c:
#  Implicit rule search has been done.
#  Last modified 2022-08-25 18:38:13.742261
#  File has been updated.
#  Successfully updated.

# Not a target:
srcs/env.c:
#  Implicit rule search has been done.
#  Last modified 2022-08-25 18:40:45.002844
#  File has been updated.
#  Successfully updated.

# Not a target:
srcs/expander.c:
#  Implicit rule search has been done.
#  Last modified 2022-08-25 18:40:45.102844
#  File has been updated.
#  Successfully updated.

minishell: Libft/libft.a objs/main.o objs/minishell.o objs/parser.o objs/parser_utils.o objs/expander.o objs/cleanup.o objs/lexer.o objs/env.o objs/executer_child.o objs/executer_error.o objs/executer_utils.o objs/executor_handler.o objs/here_doc.o objs/env_bi.o objs/pwd.o objs/cd.o objs/echo.o objs/executer_builtin.o objs/export_bi.o objs/unset_bi.o objs/exit_bi.o objs/utils.o
#  Implicit rule search has not been done.
#  Last modified 2022-08-25 20:20:08.768139
#  File has been updated.
#  Successfully updated.
#  recipe to execute (from 'Makefile', line 64):
	@$(CC) -o $(NAME) $(OBJECTS) $(LIBFT_A) -lreadline

# Not a target:
Makefile:
#  Implicit rule search has been done.
#  Last modified 2022-08-25 18:41:56.769935
#  File has been updated.
#  Successfully updated.

objs/parser.o: srcs/parser.c
#  Implicit rule search has been done.
#  Implicit/static pattern stem: 'parser'
#  Last modified 2022-08-25 20:20:07.108139
#  File has been updated.
#  Successfully updated.
#  recipe to execute (from 'Makefile', line 67):
	@$(MKDIR) $(OBJS_PATH)
	@$(CC) $(CFLAGS) -c $< -o $@

objs/minishell.o: srcs/minishell.c
#  Implicit rule search has been done.
#  Implicit/static pattern stem: 'minishell'
#  Last modified 2022-08-25 20:20:07.028139
#  File has been updated.
#  Successfully updated.
#  recipe to execute (from 'Makefile', line 67):
	@$(MKDIR) $(OBJS_PATH)
	@$(CC) $(CFLAGS) -c $< -o $@

bonus: all
#  Implicit rule search has not been done.
#  Modification time never checked.
#  File has not been updated.

# Not a target:
srcs/parser_utils.c:
#  Implicit rule search has been done.
#  Last modified 2022-08-25 18:40:45.492844
#  File has been updated.
#  Successfully updated.

objs/executor_handler.o: srcs/executor_handler.c
#  Implicit rule search has been done.
#  Implicit/static pattern stem: 'executor_handler'
#  Last modified 2022-08-25 20:20:07.708139
#  File has been updated.
#  Successfully updated.
#  recipe to execute (from 'Makefile', line 67):
	@$(MKDIR) $(OBJS_PATH)
	@$(CC) $(CFLAGS) -c $< -o $@

clean:
#  Phony target (prerequisite of .PHONY).
#  Implicit rule search has not been done.
#  File does not exist.
#  File has not been updated.
#  recipe to execute (from 'Makefile', line 82):
	@$(RM) objs test/bin
	@$(MAKE_NOPRINT) clean -C $(LIBS_PATH)

# Not a target:
srcs/executer_error.c:
#  Implicit rule search has been done.
#  Last modified 2022-08-25 19:42:35.353752
#  File has been updated.
#  Successfully updated.

objs/expander.o: srcs/expander.c
#  Implicit rule search has been done.
#  Implicit/static pattern stem: 'expander'
#  Last modified 2022-08-25 20:20:07.258139
#  File has been updated.
#  Successfully updated.
#  recipe to execute (from 'Makefile', line 67):
	@$(MKDIR) $(OBJS_PATH)
	@$(CC) $(CFLAGS) -c $< -o $@

# Not a target:
srcs/utils.c:
#  Implicit rule search has been done.
#  Last modified 2022-08-25 18:40:45.682844
#  File has been updated.
#  Successfully updated.

# Not a target:
srcs/minishell.c:
#  Implicit rule search has been done.
#  Last modified 2022-08-25 20:18:10.109968
#  File has been updated.
#  Successfully updated.

objs/here_doc.o: srcs/here_doc.c
#  Implicit rule search has been done.
#  Implicit/static pattern stem: 'here_doc'
#  Last modified 2022-08-25 20:20:07.818139
#  File has been updated.
#  Successfully updated.
#  recipe to execute (from 'Makefile', line 67):
	@$(MKDIR) $(OBJS_PATH)
	@$(CC) $(CFLAGS) -c $< -o $@

re: fclean all
#  Phony target (prerequisite of .PHONY).
#  Implicit rule search has not been done.
#  File does not exist.
#  File has not been updated.

# Not a target:
srcs/exit_bi.c:
#  Implicit rule search has been done.
#  Last modified 2022-08-25 18:54:11.416158
#  File has been updated.
#  Successfully updated.

objs/parser_utils.o: srcs/parser_utils.c
#  Implicit rule search has been done.
#  Implicit/static pattern stem: 'parser_utils'
#  Last modified 2022-08-25 20:20:07.188139
#  File has been updated.
#  Successfully updated.
#  recipe to execute (from 'Makefile', line 67):
	@$(MKDIR) $(OBJS_PATH)
	@$(CC) $(CFLAGS) -c $< -o $@

objs/pwd.o: srcs/pwd.c
#  Implicit rule search has been done.
#  Implicit/static pattern stem: 'pwd'
#  Last modified 2022-08-25 20:20:07.948139
#  File has been updated.
#  Successfully updated.
#  recipe to execute (from 'Makefile', line 67):
	@$(MKDIR) $(OBJS_PATH)
	@$(CC) $(CFLAGS) -c $< -o $@

objs/cleanup.o: srcs/cleanup.c
#  Implicit rule search has been done.
#  Implicit/static pattern stem: 'cleanup'
#  Last modified 2022-08-25 20:20:07.328139
#  File has been updated.
#  Successfully updated.
#  recipe to execute (from 'Makefile', line 67):
	@$(MKDIR) $(OBJS_PATH)
	@$(CC) $(CFLAGS) -c $< -o $@

objs/cd.o: srcs/cd.c
#  Implicit rule search has been done.
#  Implicit/static pattern stem: 'cd'
#  Last modified 2022-08-25 20:20:08.018139
#  File has been updated.
#  Successfully updated.
#  recipe to execute (from 'Makefile', line 67):
	@$(MKDIR) $(OBJS_PATH)
	@$(CC) $(CFLAGS) -c $< -o $@

# Not a target:
srcs/executer_utils.c:
#  Implicit rule search has been done.
#  Last modified 2022-08-25 18:38:13.742261
#  File has been updated.
#  Successfully updated.

# Not a target:
srcs/executer_builtin.c:
#  Implicit rule search has been done.
 
#  Last modified 2022-08-25 18:54:01.266158
#  File has been updated.
#  Successfully updated.

objs/main.o: srcs/main.c
#  Implicit rule search has been done.
#  Implicit/static pattern stem: 'main'
#  Last modified 2022-08-25 20:20:06.958139
#  File has been updated.
#  Successfully updated.
#  recipe to execute (from 'Makefile', line 67):
	@$(MKDIR) $(OBJS_PATH)
	@$(CC) $(CFLAGS) -c $< -o $@

# Not a target:
srcs/env_bi.c:
#  Implicit rule search has been done.
#  Last modified 2022-08-25 18:38:13.742261
#  File has been updated.
#  Successfully updated.

# Not a target:
.DEFAULT:
#  Implicit rule search has not been done.
#  Modification time never checked.
#  File has not been updated.

all: minishell
#  Phony target (prerequisite of .PHONY).
#  Command line target.
#  Implicit rule search has not been done.
#  File does not exist.
#  File has been updated.
#  Successfully updated.

fclean: clean
#  Phony target (prerequisite of .PHONY).
#  Implicit rule search has not been done.
#  File does not exist.
#  File has not been updated.
#  recipe to execute (from 'Makefile', line 87):
	@$(RM) $(NAME)
	@$(MAKE_NOPRINT) fclean -C $(LIBS_PATH)

run:
#  Phony target (prerequisite of .PHONY).
#  Implicit rule search has not been done.
#  File does not exist.
#  File has not been updated.

# Not a target:
srcs/lexer.c:
#  Implicit rule search has been done.
#  Last modified 2022-08-25 18:40:45.182844
#  File has been updated.
#  Successfully updated.

# Not a target:
srcs/echo.c:
#  Implicit rule search has been done.
#  Last modified 2022-08-25 18:38:13.742261
#  File has been updated.
#  Successfully updated.

objs/lexer.o: srcs/lexer.c
#  Implicit rule search has been done.
#  Implicit/static pattern stem: 'lexer'
#  Last modified 2022-08-25 20:20:07.388139
#  File has been updated.
#  Successfully updated.
#  recipe to execute (from 'Makefile', line 67):
	@$(MKDIR) $(OBJS_PATH)
	@$(CC) $(CFLAGS) -c $< -o $@

# Not a target:
srcs/executer_child.c:
#  Implicit rule search has been done.
#  Last modified 2022-08-25 19:08:51.730165
#  File has been updated.
#  Successfully updated.

objs/executer_error.o: srcs/executer_error.c
#  Implicit rule search has been done.
#  Implicit/static pattern stem: 'executer_error'
#  Last modified 2022-08-25 20:20:07.578139
#  File has been updated.
#  Successfully updated.
#  recipe to execute (from 'Makefile', line 67):
	@$(MKDIR) $(OBJS_PATH)
	@$(CC) $(CFLAGS) -c $< -o $@

objs/executer_child.o: srcs/executer_child.c
#  Implicit rule search has been done.
#  Implicit/static pattern stem: 'executer_child'
#  Last modified 2022-08-25 20:20:07.518139
#  File has been updated.
#  Successfully updated.
#  recipe to execute (from 'Makefile', line 67):
	@$(MKDIR) $(OBJS_PATH)
	@$(CC) $(CFLAGS) -c $< -o $@

test: minishell test/bin test/bin/test test/bin/test_verify
#  Implicit rule search has not been done.
#  Modification time never checked.
#  File has not been updated.
#  recipe to execute (from 'Makefile', line 77):
	@for test in $(TESTBINS) ; do ./$$test --verbose ; done

objs/echo.o: srcs/echo.c
#  Implicit rule search has been done.
#  Implicit/static pattern stem: 'echo'
#  Last modified 2022-08-25 20:20:08.078139
#  File has been updated.
#  Successfully updated.
#  recipe to execute (from 'Makefile', line 67):
	@$(MKDIR) $(OBJS_PATH)
	@$(CC) $(CFLAGS) -c $< -o $@

# Not a target:
srcs/unset_bi.c:
#  Implicit rule search has been done.
#  Last modified 2022-08-25 18:53:14.989369
#  File has been updated.
#  Successfully updated.

# Not a target:
srcs/cd.c:
#  Implicit rule search has been done.
#  Last modified 2022-08-25 18:38:13.742261
#  File has been updated.
#  Successfully updated.

# Not a target:
test/bin/test:
#  Implicit rule search has not been done.
#  Modification time never checked.
#  File has not been updated.

objs/env.o: srcs/env.c
#  Implicit rule search has been done.
#  Implicit/static pattern stem: 'env'
#  Last modified 2022-08-25 20:20:07.458139
#  File has been updated.
#  Successfully updated.
#  recipe to execute (from 'Makefile', line 67):
	@$(MKDIR) $(OBJS_PATH)
	@$(CC) $(CFLAGS) -c $< -o $@

# Not a target:
srcs/parser.c:
#  Implicit rule search has been done.
#  Last modified 2022-08-25 18:40:45.582844
#  File has been updated.
#  Successfully updated.

objs/unset_bi.o: srcs/unset_bi.c
#  Implicit rule search has been done.
#  Implicit/static pattern stem: 'unset_bi'
#  Last modified 2022-08-25 20:20:08.398139
#  File has been updated.
#  Successfully updated.
#  recipe to execute (from 'Makefile', line 67):
	@$(MKDIR) $(OBJS_PATH)
	@$(CC) $(CFLAGS) -c $< -o $@

objs/executer_builtin.o: srcs/executer_builtin.c
#  Implicit rule search has been done.
#  Implicit/static pattern stem: 'executer_builtin'
#  Last modified 2022-08-25 20:20:08.208139
#  File has been updated.
#  Successfully updated.
#  recipe to execute (from 'Makefile', line 67):
	@$(MKDIR) $(OBJS_PATH)
	@$(CC) $(CFLAGS) -c $< -o $@

Libft/libft.a:
#  Implicit rule search has not been done.
#  Last modified 2022-08-25 20:20:06.898139
#  File has been updated.
#  Successfully updated.
#  recipe to execute (from 'Makefile', line 61):
	@cd $(LIBS_PATH) && $(MAKE_NOPRINT)
	

objs/exit_bi.o: srcs/exit_bi.c
#  Implicit rule search has been done.
#  Implicit/static pattern stem: 'exit_bi'
#  Last modified 2022-08-25 20:20:08.458139
#  File has been updated.
#  Successfully updated.
#  recipe to execute (from 'Makefile', line 67):
	@$(MKDIR) $(OBJS_PATH)
	@$(CC) $(CFLAGS) -c $< -o $@

# Not a target:
srcs/here_doc.c:
#  Implicit rule search has been done.
#  Last modified 2022-08-25 18:38:13.742261
#  File has been updated.
#  Successfully updated.

# Not a target:
srcs/cleanup.c:
#  Implicit rule search has been done.
#  Last modified 2022-08-25 20:10:34.154933
#  File has been updated.
#  Successfully updated.

test/bin:
#  Implicit rule search has not been done.
#  Modification time never checked.
#  File has not been updated.
#  recipe to execute (from 'Makefile', line 74):
	@$(MKDIR) $@

.PHONY: all run clean fclean re
#  Implicit rule search has not been done.
#  Modification time never checked.
#  File has not been updated.

# Not a target:
test/bin/test_verify:
#  Implicit rule search has not been done.
#  Modification time never checked.
#  File has not been updated.

# Not a target:
srcs/main.c:
#  Implicit rule search has been done.
#  Last modified 2022-08-25 18:40:45.272844
#  File has been updated.
#  Successfully updated.

# Not a target:
srcs/pwd.c:
#  Implicit rule search has been done.
#  Last modified 2022-08-25 18:38:13.742261
#  File has been updated.
#  Successfully updated.

# Not a target:
srcs/executor_handler.c:
#  Implicit rule search has been done.
#  Last modified 2022-08-25 20:15:36.357443
#  File has been updated.
#  Successfully updated.

objs/env_bi.o: srcs/env_bi.c
#  Implicit rule search has been done.
#  Implicit/static pattern stem: 'env_bi'
#  Last modified 2022-08-25 20:20:07.898139
#  File has been updated.
#  Successfully updated.
#  recipe to execute (from 'Makefile', line 67):
	@$(MKDIR) $(OBJS_PATH)
	@$(CC) $(CFLAGS) -c $< -o $@

objs/utils.o: srcs/utils.c
#  Implicit rule search has been done.
#  Implicit/static pattern stem: 'utils'
#  Last modified 2022-08-25 20:20:08.528139
#  File has been updated.
#  Successfully updated.
#  recipe to execute (from 'Makefile', line 67):
	@$(MKDIR) $(OBJS_PATH)
	@$(CC) $(CFLAGS) -c $< -o $@

# files hash-table stats:
# Load=60/1024=6%, Rehash=0, Collisions=0/175=0%
# VPATH Search Paths

# No 'vpath' search paths.

# No general ('VPATH' variable) search path.

# strcache buffers: 1 (0) / strings = 137 / storage = 1645 B / avg = 12 B
# current buf: size = 8162 B / used = 1645 B / count = 137 / avg = 12 B

# strcache performance: lookups = 195 / hit rate = 29%
# hash-table stats:
# Load=137/8192=2%, Rehash=0, Collisions=0/195=0%
# Finished Make data base on Thu Aug 25 20:20:13 2022

 
